TN:
SF:/home/bersilius/repos/pfun/lib/index.js
FN:6,(anonymous_0)
FN:9,(anonymous_1)
FN:22,(anonymous_2)
FN:23,(anonymous_3)
FN:32,(anonymous_4)
FN:33,(anonymous_5)
FN:46,(anonymous_6)
FN:50,(anonymous_7)
FN:53,(anonymous_8)
FN:62,(anonymous_9)
FN:65,(anonymous_10)
FN:67,(anonymous_11)
FNF:12
FNH:2
FNDA:3,(anonymous_0)
FNDA:0,(anonymous_1)
FNDA:0,(anonymous_2)
FNDA:0,(anonymous_3)
FNDA:0,(anonymous_4)
FNDA:0,(anonymous_5)
FNDA:2,(anonymous_6)
FNDA:0,(anonymous_7)
FNDA:0,(anonymous_8)
FNDA:0,(anonymous_9)
FNDA:0,(anonymous_10)
FNDA:0,(anonymous_11)
DA:1,1
DA:3,1
DA:5,1
DA:7,3
DA:8,2
DA:10,0
DA:12,0
DA:20,1
DA:21,1
DA:22,0
DA:24,0
DA:26,0
DA:31,1
DA:33,0
DA:38,0
DA:47,2
DA:49,2
DA:50,1
DA:51,0
DA:53,0
DA:55,0
DA:57,0
DA:61,1
DA:62,1
DA:63,0
DA:65,0
DA:67,0
DA:72,0
LF:28
LH:13
BRDA:7,0,0,2
BRDA:7,0,1,1
BRDA:20,1,0,1
BRDA:20,1,1,0
BRDA:21,2,0,0
BRDA:21,2,1,1
BRDA:49,3,0,1
BRDA:49,3,1,1
BRDA:61,4,0,1
BRDA:61,4,1,0
BRF:10
BRH:7
end_of_record
TN:
SF:/home/bersilius/repos/pfun/lib/index.spec.js
FN:7,(anonymous_0)
FN:10,(anonymous_1)
FN:11,(anonymous_2)
FN:14,(anonymous_3)
FN:14,(anonymous_4)
FN:23,(anonymous_5)
FN:24,(anonymous_6)
FN:38,(anonymous_7)
FN:53,(anonymous_8)
FN:67,(anonymous_9)
FN:80,(anonymous_10)
FNF:11
FNH:6
FNDA:0,(anonymous_0)
FNDA:0,(anonymous_1)
FNDA:0,(anonymous_2)
FNDA:0,(anonymous_3)
FNDA:0,(anonymous_4)
FNDA:1,(anonymous_5)
FNDA:1,(anonymous_6)
FNDA:1,(anonymous_7)
FNDA:1,(anonymous_8)
FNDA:1,(anonymous_9)
FNDA:1,(anonymous_10)
DA:1,1
DA:2,1
DA:3,1
DA:5,1
DA:7,1
DA:9,1
DA:10,0
DA:11,0
DA:14,1
DA:15,0
DA:18,1
DA:23,1
DA:24,1
DA:25,1
DA:33,1
DA:34,1
DA:35,1
DA:38,1
DA:39,1
DA:48,1
DA:49,1
DA:50,1
DA:53,1
DA:54,1
DA:62,1
DA:63,1
DA:64,1
DA:67,1
DA:68,1
DA:77,1
DA:80,1
DA:81,1
DA:89,1
LF:33
LH:30
BRDA:34,0,0,1
BRDA:34,0,1,1
BRDA:35,1,0,1
BRDA:35,1,1,1
BRDA:49,2,0,1
BRDA:49,2,1,1
BRDA:50,3,0,1
BRDA:50,3,1,1
BRDA:63,4,0,1
BRDA:63,4,1,1
BRDA:64,5,0,1
BRDA:64,5,1,1
BRF:12
BRH:12
end_of_record
TN:
SF:/home/bersilius/repos/pfun/lib/utilities.js
FN:2,(anonymous_0)
FNF:1
FNH:1
FNDA:2,(anonymous_0)
DA:1,1
DA:3,2
DA:4,0
DA:7,2
LF:4
LH:3
BRDA:3,0,0,0
BRDA:3,0,1,2
BRF:2
BRH:1
end_of_record
